==1013== Memcheck, a memory error detector
==1013== Copyright (C) 2002-2017, and GNU GPL'd, by Julian Seward et al.
==1013== Using Valgrind-3.18.1 and LibVEX; rerun with -h for copyright info
==1013== Command: ./sec 1000 400 200 100
==1013== Parent PID: 415
==1013== 
==1013== Conditional jump or move depends on uninitialised value(s)
==1013==    at 0x48A9411: msort_with_tmp.part.0 (msort.c:82)
==1013==    by 0x48A93C1: msort_with_tmp (msort.c:44)
==1013==    by 0x48A93C1: msort_with_tmp.part.0 (msort.c:53)
==1013==    by 0x48A93A4: msort_with_tmp (msort.c:44)
==1013==    by 0x48A93A4: msort_with_tmp.part.0 (msort.c:52)
==1013==    by 0x48A93A4: msort_with_tmp (msort.c:44)
==1013==    by 0x48A93A4: msort_with_tmp.part.0 (msort.c:52)
==1013==    by 0x48A93A4: msort_with_tmp (msort.c:44)
==1013==    by 0x48A93A4: msort_with_tmp.part.0 (msort.c:52)
==1013==    by 0x48A93A4: msort_with_tmp (msort.c:44)
==1013==    by 0x48A93A4: msort_with_tmp.part.0 (msort.c:52)
==1013==    by 0x48A93A4: msort_with_tmp (msort.c:44)
==1013==    by 0x48A93A4: msort_with_tmp.part.0 (msort.c:52)
==1013==    by 0x48A9A55: msort_with_tmp (msort.c:44)
==1013==    by 0x48A9A55: qsort_r (msort.c:296)
==1013==    by 0x1099F2: aplicar_mh (mh.c:88)
==1013==    by 0x10933B: main (main.c:50)
==1013==  Uninitialised value was created by a heap allocation
==1013==    at 0x4848899: malloc (in /usr/libexec/valgrind/vgpreload_memcheck-amd64-linux.so)
==1013==    by 0x10993D: aplicar_mh (mh.c:80)
==1013==    by 0x10933B: main (main.c:50)
==1013== 
==1013== Conditional jump or move depends on uninitialised value(s)
==1013==    at 0x48A9411: msort_with_tmp.part.0 (msort.c:82)
==1013==    by 0x48A93A4: msort_with_tmp (msort.c:44)
==1013==    by 0x48A93A4: msort_with_tmp.part.0 (msort.c:52)
==1013==    by 0x48A93A4: msort_with_tmp (msort.c:44)
==1013==    by 0x48A93A4: msort_with_tmp.part.0 (msort.c:52)
==1013==    by 0x48A93A4: msort_with_tmp (msort.c:44)
==1013==    by 0x48A93A4: msort_with_tmp.part.0 (msort.c:52)
==1013==    by 0x48A93A4: msort_with_tmp (msort.c:44)
==1013==    by 0x48A93A4: msort_with_tmp.part.0 (msort.c:52)
==1013==    by 0x48A93A4: msort_with_tmp (msort.c:44)
==1013==    by 0x48A93A4: msort_with_tmp.part.0 (msort.c:52)
==1013==    by 0x48A9A55: msort_with_tmp (msort.c:44)
==1013==    by 0x48A9A55: qsort_r (msort.c:296)
==1013==    by 0x1099F2: aplicar_mh (mh.c:88)
==1013==    by 0x10933B: main (main.c:50)
==1013==  Uninitialised value was created by a heap allocation
==1013==    at 0x4848899: malloc (in /usr/libexec/valgrind/vgpreload_memcheck-amd64-linux.so)
==1013==    by 0x10993D: aplicar_mh (mh.c:80)
==1013==    by 0x10933B: main (main.c:50)
==1013== 
==1013== Conditional jump or move depends on uninitialised value(s)
==1013==    at 0x48A9411: msort_with_tmp.part.0 (msort.c:82)
==1013==    by 0x48A93C1: msort_with_tmp (msort.c:44)
==1013==    by 0x48A93C1: msort_with_tmp.part.0 (msort.c:53)
==1013==    by 0x48A93C1: msort_with_tmp (msort.c:44)
==1013==    by 0x48A93C1: msort_with_tmp.part.0 (msort.c:53)
==1013==    by 0x48A93A4: msort_with_tmp (msort.c:44)
==1013==    by 0x48A93A4: msort_with_tmp.part.0 (msort.c:52)
==1013==    by 0x48A93A4: msort_with_tmp (msort.c:44)
==1013==    by 0x48A93A4: msort_with_tmp.part.0 (msort.c:52)
==1013==    by 0x48A93A4: msort_with_tmp (msort.c:44)
==1013==    by 0x48A93A4: msort_with_tmp.part.0 (msort.c:52)
==1013==    by 0x48A93A4: msort_with_tmp (msort.c:44)
==1013==    by 0x48A93A4: msort_with_tmp.part.0 (msort.c:52)
==1013==    by 0x48A9A55: msort_with_tmp (msort.c:44)
==1013==    by 0x48A9A55: qsort_r (msort.c:296)
==1013==    by 0x1099F2: aplicar_mh (mh.c:88)
==1013==    by 0x10933B: main (main.c:50)
==1013==  Uninitialised value was created by a heap allocation
==1013==    at 0x4848899: malloc (in /usr/libexec/valgrind/vgpreload_memcheck-amd64-linux.so)
==1013==    by 0x10993D: aplicar_mh (mh.c:80)
==1013==    by 0x10933B: main (main.c:50)
==1013== 
==1013== Conditional jump or move depends on uninitialised value(s)
==1013==    at 0x48A9411: msort_with_tmp.part.0 (msort.c:82)
==1013==    by 0x48A93C1: msort_with_tmp (msort.c:44)
==1013==    by 0x48A93C1: msort_with_tmp.part.0 (msort.c:53)
==1013==    by 0x48A93A4: msort_with_tmp (msort.c:44)
==1013==    by 0x48A93A4: msort_with_tmp.part.0 (msort.c:52)
==1013==    by 0x48A93C1: msort_with_tmp (msort.c:44)
==1013==    by 0x48A93C1: msort_with_tmp.part.0 (msort.c:53)
==1013==    by 0x48A93A4: msort_with_tmp (msort.c:44)
==1013==    by 0x48A93A4: msort_with_tmp.part.0 (msort.c:52)
==1013==    by 0x48A93A4: msort_with_tmp (msort.c:44)
==1013==    by 0x48A93A4: msort_with_tmp.part.0 (msort.c:52)
==1013==    by 0x48A93A4: msort_with_tmp (msort.c:44)
==1013==    by 0x48A93A4: msort_with_tmp.part.0 (msort.c:52)
==1013==    by 0x48A9A55: msort_with_tmp (msort.c:44)
==1013==    by 0x48A9A55: qsort_r (msort.c:296)
==1013==    by 0x1099F2: aplicar_mh (mh.c:88)
==1013==    by 0x10933B: main (main.c:50)
==1013==  Uninitialised value was created by a heap allocation
==1013==    at 0x4848899: malloc (in /usr/libexec/valgrind/vgpreload_memcheck-amd64-linux.so)
==1013==    by 0x10993D: aplicar_mh (mh.c:80)
==1013==    by 0x10933B: main (main.c:50)
==1013== 
==1013== Conditional jump or move depends on uninitialised value(s)
==1013==    at 0x48A9411: msort_with_tmp.part.0 (msort.c:82)
==1013==    by 0x48A93A4: msort_with_tmp (msort.c:44)
==1013==    by 0x48A93A4: msort_with_tmp.part.0 (msort.c:52)
==1013==    by 0x48A93C1: msort_with_tmp (msort.c:44)
==1013==    by 0x48A93C1: msort_with_tmp.part.0 (msort.c:53)
==1013==    by 0x48A93A4: msort_with_tmp (msort.c:44)
==1013==    by 0x48A93A4: msort_with_tmp.part.0 (msort.c:52)
==1013==    by 0x48A93A4: msort_with_tmp (msort.c:44)
==1013==    by 0x48A93A4: msort_with_tmp.part.0 (msort.c:52)
==1013==    by 0x48A93A4: msort_with_tmp (msort.c:44)
==1013==    by 0x48A93A4: msort_with_tmp.part.0 (msort.c:52)
==1013==    by 0x48A9A55: msort_with_tmp (msort.c:44)
==1013==    by 0x48A9A55: qsort_r (msort.c:296)
==1013==    by 0x1099F2: aplicar_mh (mh.c:88)
==1013==    by 0x10933B: main (main.c:50)
==1013==  Uninitialised value was created by a heap allocation
==1013==    at 0x4848899: malloc (in /usr/libexec/valgrind/vgpreload_memcheck-amd64-linux.so)
==1013==    by 0x10993D: aplicar_mh (mh.c:80)
==1013==    by 0x10933B: main (main.c:50)
==1013== 
==1013== Conditional jump or move depends on uninitialised value(s)
==1013==    at 0x48A9411: msort_with_tmp.part.0 (msort.c:82)
==1013==    by 0x48A93C1: msort_with_tmp (msort.c:44)
==1013==    by 0x48A93C1: msort_with_tmp.part.0 (msort.c:53)
==1013==    by 0x48A93C1: msort_with_tmp (msort.c:44)
==1013==    by 0x48A93C1: msort_with_tmp.part.0 (msort.c:53)
==1013==    by 0x48A93C1: msort_with_tmp (msort.c:44)
==1013==    by 0x48A93C1: msort_with_tmp.part.0 (msort.c:53)
==1013==    by 0x48A93A4: msort_with_tmp (msort.c:44)
==1013==    by 0x48A93A4: msort_with_tmp.part.0 (msort.c:52)
==1013==    by 0x48A93A4: msort_with_tmp (msort.c:44)
==1013==    by 0x48A93A4: msort_with_tmp.part.0 (msort.c:52)
==1013==    by 0x48A93A4: msort_with_tmp (msort.c:44)
==1013==    by 0x48A93A4: msort_with_tmp.part.0 (msort.c:52)
==1013==    by 0x48A9A55: msort_with_tmp (msort.c:44)
==1013==    by 0x48A9A55: qsort_r (msort.c:296)
==1013==    by 0x1099F2: aplicar_mh (mh.c:88)
==1013==    by 0x10933B: main (main.c:50)
==1013==  Uninitialised value was created by a heap allocation
==1013==    at 0x4848899: malloc (in /usr/libexec/valgrind/vgpreload_memcheck-amd64-linux.so)
==1013==    by 0x10993D: aplicar_mh (mh.c:80)
==1013==    by 0x10933B: main (main.c:50)
==1013== 
==1013== Conditional jump or move depends on uninitialised value(s)
==1013==    at 0x48A9411: msort_with_tmp.part.0 (msort.c:82)
==1013==    by 0x48A93A4: msort_with_tmp (msort.c:44)
==1013==    by 0x48A93A4: msort_with_tmp.part.0 (msort.c:52)
==1013==    by 0x48A93A4: msort_with_tmp (msort.c:44)
==1013==    by 0x48A93A4: msort_with_tmp.part.0 (msort.c:52)
==1013==    by 0x48A93C1: msort_with_tmp (msort.c:44)
==1013==    by 0x48A93C1: msort_with_tmp.part.0 (msort.c:53)
==1013==    by 0x48A93A4: msort_with_tmp (msort.c:44)
==1013==    by 0x48A93A4: msort_with_tmp.part.0 (msort.c:52)
==1013==    by 0x48A93A4: msort_with_tmp (msort.c:44)
==1013==    by 0x48A93A4: msort_with_tmp.part.0 (msort.c:52)
==1013==    by 0x48A9A55: msort_with_tmp (msort.c:44)
==1013==    by 0x48A9A55: qsort_r (msort.c:296)
==1013==    by 0x1099F2: aplicar_mh (mh.c:88)
==1013==    by 0x10933B: main (main.c:50)
==1013==  Uninitialised value was created by a heap allocation
==1013==    at 0x4848899: malloc (in /usr/libexec/valgrind/vgpreload_memcheck-amd64-linux.so)
==1013==    by 0x10993D: aplicar_mh (mh.c:80)
==1013==    by 0x10933B: main (main.c:50)
==1013== 
==1013== Conditional jump or move depends on uninitialised value(s)
==1013==    at 0x48A9411: msort_with_tmp.part.0 (msort.c:82)
==1013==    by 0x48A93A4: msort_with_tmp (msort.c:44)
==1013==    by 0x48A93A4: msort_with_tmp.part.0 (msort.c:52)
==1013==    by 0x48A93C1: msort_with_tmp (msort.c:44)
==1013==    by 0x48A93C1: msort_with_tmp.part.0 (msort.c:53)
==1013==    by 0x48A93C1: msort_with_tmp (msort.c:44)
==1013==    by 0x48A93C1: msort_with_tmp.part.0 (msort.c:53)
==1013==    by 0x48A93A4: msort_with_tmp (msort.c:44)
==1013==    by 0x48A93A4: msort_with_tmp.part.0 (msort.c:52)
==1013==    by 0x48A93A4: msort_with_tmp (msort.c:44)
==1013==    by 0x48A93A4: msort_with_tmp.part.0 (msort.c:52)
==1013==    by 0x48A9A55: msort_with_tmp (msort.c:44)
==1013==    by 0x48A9A55: qsort_r (msort.c:296)
==1013==    by 0x1099F2: aplicar_mh (mh.c:88)
==1013==    by 0x10933B: main (main.c:50)
==1013==  Uninitialised value was created by a heap allocation
==1013==    at 0x4848899: malloc (in /usr/libexec/valgrind/vgpreload_memcheck-amd64-linux.so)
==1013==    by 0x10993D: aplicar_mh (mh.c:80)
==1013==    by 0x10933B: main (main.c:50)
==1013== 
==1013== Conditional jump or move depends on uninitialised value(s)
==1013==    at 0x48A9411: msort_with_tmp.part.0 (msort.c:82)
==1013==    by 0x48A93A4: msort_with_tmp (msort.c:44)
==1013==    by 0x48A93A4: msort_with_tmp.part.0 (msort.c:52)
==1013==    by 0x48A93A4: msort_with_tmp (msort.c:44)
==1013==    by 0x48A93A4: msort_with_tmp.part.0 (msort.c:52)
==1013==    by 0x48A9A55: msort_with_tmp (msort.c:44)
==1013==    by 0x48A9A55: qsort_r (msort.c:296)
==1013==    by 0x1099F2: aplicar_mh (mh.c:88)
==1013==    by 0x10933B: main (main.c:50)
==1013==  Uninitialised value was created by a heap allocation
==1013==    at 0x4848899: malloc (in /usr/libexec/valgrind/vgpreload_memcheck-amd64-linux.so)
==1013==    by 0x10993D: aplicar_mh (mh.c:80)
==1013==    by 0x10933B: main (main.c:50)
==1013== 
==1013== Conditional jump or move depends on uninitialised value(s)
==1013==    at 0x48A9411: msort_with_tmp.part.0 (msort.c:82)
==1013==    by 0x48A93C1: msort_with_tmp (msort.c:44)
==1013==    by 0x48A93C1: msort_with_tmp.part.0 (msort.c:53)
==1013==    by 0x48A93A4: msort_with_tmp (msort.c:44)
==1013==    by 0x48A93A4: msort_with_tmp.part.0 (msort.c:52)
==1013==    by 0x48A9A55: msort_with_tmp (msort.c:44)
==1013==    by 0x48A9A55: qsort_r (msort.c:296)
==1013==    by 0x1099F2: aplicar_mh (mh.c:88)
==1013==    by 0x10933B: main (main.c:50)
==1013==  Uninitialised value was created by a heap allocation
==1013==    at 0x4848899: malloc (in /usr/libexec/valgrind/vgpreload_memcheck-amd64-linux.so)
==1013==    by 0x10993D: aplicar_mh (mh.c:80)
==1013==    by 0x10933B: main (main.c:50)
==1013== 
==1013== Conditional jump or move depends on uninitialised value(s)
==1013==    at 0x48A9411: msort_with_tmp.part.0 (msort.c:82)
==1013==    by 0x48A93A4: msort_with_tmp (msort.c:44)
==1013==    by 0x48A93A4: msort_with_tmp.part.0 (msort.c:52)
==1013==    by 0x48A9A55: msort_with_tmp (msort.c:44)
==1013==    by 0x48A9A55: qsort_r (msort.c:296)
==1013==    by 0x1099F2: aplicar_mh (mh.c:88)
==1013==    by 0x10933B: main (main.c:50)
==1013==  Uninitialised value was created by a heap allocation
==1013==    at 0x4848899: malloc (in /usr/libexec/valgrind/vgpreload_memcheck-amd64-linux.so)
==1013==    by 0x10993D: aplicar_mh (mh.c:80)
==1013==    by 0x10933B: main (main.c:50)
==1013== 
==1013== Conditional jump or move depends on uninitialised value(s)
==1013==    at 0x48A9411: msort_with_tmp.part.0 (msort.c:82)
==1013==    by 0x48A93A4: msort_with_tmp (msort.c:44)
==1013==    by 0x48A93A4: msort_with_tmp.part.0 (msort.c:52)
==1013==    by 0x48A93C1: msort_with_tmp (msort.c:44)
==1013==    by 0x48A93C1: msort_with_tmp.part.0 (msort.c:53)
==1013==    by 0x48A9A55: msort_with_tmp (msort.c:44)
==1013==    by 0x48A9A55: qsort_r (msort.c:296)
==1013==    by 0x1099F2: aplicar_mh (mh.c:88)
==1013==    by 0x10933B: main (main.c:50)
==1013==  Uninitialised value was created by a heap allocation
==1013==    at 0x4848899: malloc (in /usr/libexec/valgrind/vgpreload_memcheck-amd64-linux.so)
==1013==    by 0x10993D: aplicar_mh (mh.c:80)
==1013==    by 0x10933B: main (main.c:50)
==1013== 
==1013== Conditional jump or move depends on uninitialised value(s)
==1013==    at 0x48A9411: msort_with_tmp.part.0 (msort.c:82)
==1013==    by 0x48A93C1: msort_with_tmp (msort.c:44)
==1013==    by 0x48A93C1: msort_with_tmp.part.0 (msort.c:53)
==1013==    by 0x48A93C1: msort_with_tmp (msort.c:44)
==1013==    by 0x48A93C1: msort_with_tmp.part.0 (msort.c:53)
==1013==    by 0x48A9A55: msort_with_tmp (msort.c:44)
==1013==    by 0x48A9A55: qsort_r (msort.c:296)
==1013==    by 0x1099F2: aplicar_mh (mh.c:88)
==1013==    by 0x10933B: main (main.c:50)
==1013==  Uninitialised value was created by a heap allocation
==1013==    at 0x4848899: malloc (in /usr/libexec/valgrind/vgpreload_memcheck-amd64-linux.so)
==1013==    by 0x10993D: aplicar_mh (mh.c:80)
==1013==    by 0x10933B: main (main.c:50)
==1013== 
==1013== Conditional jump or move depends on uninitialised value(s)
==1013==    at 0x48A9411: msort_with_tmp.part.0 (msort.c:82)
==1013==    by 0x48A93C1: msort_with_tmp (msort.c:44)
==1013==    by 0x48A93C1: msort_with_tmp.part.0 (msort.c:53)
==1013==    by 0x48A9A55: msort_with_tmp (msort.c:44)
==1013==    by 0x48A9A55: qsort_r (msort.c:296)
==1013==    by 0x1099F2: aplicar_mh (mh.c:88)
==1013==    by 0x10933B: main (main.c:50)
==1013==  Uninitialised value was created by a heap allocation
==1013==    at 0x4848899: malloc (in /usr/libexec/valgrind/vgpreload_memcheck-amd64-linux.so)
==1013==    by 0x10993D: aplicar_mh (mh.c:80)
==1013==    by 0x10933B: main (main.c:50)
==1013== 
==1013== Conditional jump or move depends on uninitialised value(s)
==1013==    at 0x48A9411: msort_with_tmp.part.0 (msort.c:82)
==1013==    by 0x48A9A55: msort_with_tmp (msort.c:44)
==1013==    by 0x48A9A55: qsort_r (msort.c:296)
==1013==    by 0x1099F2: aplicar_mh (mh.c:88)
==1013==    by 0x10933B: main (main.c:50)
==1013==  Uninitialised value was created by a heap allocation
==1013==    at 0x4848899: malloc (in /usr/libexec/valgrind/vgpreload_memcheck-amd64-linux.so)
==1013==    by 0x10993D: aplicar_mh (mh.c:80)
==1013==    by 0x10933B: main (main.c:50)
==1013== 
==1013== Conditional jump or move depends on uninitialised value(s)
==1013==    at 0x48A9411: msort_with_tmp.part.0 (msort.c:82)
==1013==    by 0x48A93A4: msort_with_tmp (msort.c:44)
==1013==    by 0x48A93A4: msort_with_tmp.part.0 (msort.c:52)
==1013==    by 0x48A9A55: msort_with_tmp (msort.c:44)
==1013==    by 0x48A9A55: qsort_r (msort.c:296)
==1013==    by 0x109A1D: aplicar_mh (mh.c:115)
==1013==    by 0x10933B: main (main.c:50)
==1013==  Uninitialised value was created by a heap allocation
==1013==    at 0x4848899: malloc (in /usr/libexec/valgrind/vgpreload_memcheck-amd64-linux.so)
==1013==    by 0x10993D: aplicar_mh (mh.c:80)
==1013==    by 0x10933B: main (main.c:50)
==1013== 
==1013== Conditional jump or move depends on uninitialised value(s)
==1013==    at 0x48A9411: msort_with_tmp.part.0 (msort.c:82)
==1013==    by 0x48A93C1: msort_with_tmp (msort.c:44)
==1013==    by 0x48A93C1: msort_with_tmp.part.0 (msort.c:53)
==1013==    by 0x48A9A55: msort_with_tmp (msort.c:44)
==1013==    by 0x48A9A55: qsort_r (msort.c:296)
==1013==    by 0x109A1D: aplicar_mh (mh.c:115)
==1013==    by 0x10933B: main (main.c:50)
==1013==  Uninitialised value was created by a heap allocation
==1013==    at 0x4848899: malloc (in /usr/libexec/valgrind/vgpreload_memcheck-amd64-linux.so)
==1013==    by 0x10993D: aplicar_mh (mh.c:80)
==1013==    by 0x10933B: main (main.c:50)
==1013== 
==1013== Conditional jump or move depends on uninitialised value(s)
==1013==    at 0x48A9411: msort_with_tmp.part.0 (msort.c:82)
==1013==    by 0x48A9A55: msort_with_tmp (msort.c:44)
==1013==    by 0x48A9A55: qsort_r (msort.c:296)
==1013==    by 0x109A1D: aplicar_mh (mh.c:115)
==1013==    by 0x10933B: main (main.c:50)
==1013==  Uninitialised value was created by a heap allocation
==1013==    at 0x4848899: malloc (in /usr/libexec/valgrind/vgpreload_memcheck-amd64-linux.so)
==1013==    by 0x10993D: aplicar_mh (mh.c:80)
==1013==    by 0x10933B: main (main.c:50)
==1013== 
==1013== Conditional jump or move depends on uninitialised value(s)
==1013==    at 0x48BFCB8: __printf_fp_l (printf_fp.c:396)
==1013==    by 0x48DB92C: __printf_fp_spec (vfprintf-internal.c:354)
==1013==    by 0x48DB92C: __vfprintf_internal (vfprintf-internal.c:1558)
==1013==    by 0x4999C4A: __printf_chk (printf_chk.c:33)
==1013==    by 0x1093A8: main (main.c:58)
==1013==  Uninitialised value was created by a heap allocation
==1013==    at 0x4848899: malloc (in /usr/libexec/valgrind/vgpreload_memcheck-amd64-linux.so)
==1013==    by 0x10993D: aplicar_mh (mh.c:80)
==1013==    by 0x10933B: main (main.c:50)
==1013== 
==1013== Conditional jump or move depends on uninitialised value(s)
==1013==    at 0x48BFCD2: __printf_fp_l (printf_fp.c:396)
==1013==    by 0x48DB92C: __printf_fp_spec (vfprintf-internal.c:354)
==1013==    by 0x48DB92C: __vfprintf_internal (vfprintf-internal.c:1558)
==1013==    by 0x4999C4A: __printf_chk (printf_chk.c:33)
==1013==    by 0x1093A8: main (main.c:58)
==1013==  Uninitialised value was created by a heap allocation
==1013==    at 0x4848899: malloc (in /usr/libexec/valgrind/vgpreload_memcheck-amd64-linux.so)
==1013==    by 0x10993D: aplicar_mh (mh.c:80)
==1013==    by 0x10933B: main (main.c:50)
==1013== 
==1013== Conditional jump or move depends on uninitialised value(s)
==1013==    at 0x48BB50A: __mpn_extract_double (dbl2mpn.c:56)
==1013==    by 0x48BFFCE: __printf_fp_l (printf_fp.c:396)
==1013==    by 0x48DB92C: __printf_fp_spec (vfprintf-internal.c:354)
==1013==    by 0x48DB92C: __vfprintf_internal (vfprintf-internal.c:1558)
==1013==    by 0x4999C4A: __printf_chk (printf_chk.c:33)
==1013==    by 0x1093A8: main (main.c:58)
==1013==  Uninitialised value was created by a heap allocation
==1013==    at 0x4848899: malloc (in /usr/libexec/valgrind/vgpreload_memcheck-amd64-linux.so)
==1013==    by 0x10993D: aplicar_mh (mh.c:80)
==1013==    by 0x10933B: main (main.c:50)
==1013== 
==1013== Conditional jump or move depends on uninitialised value(s)
==1013==    at 0x48BB50F: __mpn_extract_double (dbl2mpn.c:60)
==1013==    by 0x48BFFCE: __printf_fp_l (printf_fp.c:396)
==1013==    by 0x48DB92C: __printf_fp_spec (vfprintf-internal.c:354)
==1013==    by 0x48DB92C: __vfprintf_internal (vfprintf-internal.c:1558)
==1013==    by 0x4999C4A: __printf_chk (printf_chk.c:33)
==1013==    by 0x1093A8: main (main.c:58)
==1013==  Uninitialised value was created by a heap allocation
==1013==    at 0x4848899: malloc (in /usr/libexec/valgrind/vgpreload_memcheck-amd64-linux.so)
==1013==    by 0x10993D: aplicar_mh (mh.c:80)
==1013==    by 0x10933B: main (main.c:50)
==1013== 
==1013== Conditional jump or move depends on uninitialised value(s)
==1013==    at 0x48C09B0: __printf_fp_l (printf_fp.c:978)
==1013==    by 0x48DB92C: __printf_fp_spec (vfprintf-internal.c:354)
==1013==    by 0x48DB92C: __vfprintf_internal (vfprintf-internal.c:1558)
==1013==    by 0x4999C4A: __printf_chk (printf_chk.c:33)
==1013==    by 0x1093A8: main (main.c:58)
==1013==  Uninitialised value was created by a heap allocation
==1013==    at 0x4848899: malloc (in /usr/libexec/valgrind/vgpreload_memcheck-amd64-linux.so)
==1013==    by 0x10993D: aplicar_mh (mh.c:80)
==1013==    by 0x10933B: main (main.c:50)
==1013== 
==1013== Conditional jump or move depends on uninitialised value(s)
==1013==    at 0x48C09EA: __printf_fp_l (printf_fp.c:981)
==1013==    by 0x48DB92C: __printf_fp_spec (vfprintf-internal.c:354)
==1013==    by 0x48DB92C: __vfprintf_internal (vfprintf-internal.c:1558)
==1013==    by 0x4999C4A: __printf_chk (printf_chk.c:33)
==1013==    by 0x1093A8: main (main.c:58)
==1013==  Uninitialised value was created by a heap allocation
==1013==    at 0x4848899: malloc (in /usr/libexec/valgrind/vgpreload_memcheck-amd64-linux.so)
==1013==    by 0x10993D: aplicar_mh (mh.c:80)
==1013==    by 0x10933B: main (main.c:50)
==1013== 
==1013== Conditional jump or move depends on uninitialised value(s)
==1013==    at 0x48C0A24: __printf_fp_l (printf_fp.c:991)
==1013==    by 0x48DB92C: __printf_fp_spec (vfprintf-internal.c:354)
==1013==    by 0x48DB92C: __vfprintf_internal (vfprintf-internal.c:1558)
==1013==    by 0x4999C4A: __printf_chk (printf_chk.c:33)
==1013==    by 0x1093A8: main (main.c:58)
==1013==  Uninitialised value was created by a heap allocation
==1013==    at 0x4848899: malloc (in /usr/libexec/valgrind/vgpreload_memcheck-amd64-linux.so)
==1013==    by 0x10993D: aplicar_mh (mh.c:80)
==1013==    by 0x10933B: main (main.c:50)
==1013== 
==1013== Conditional jump or move depends on uninitialised value(s)
==1013==    at 0x48C0A58: round_away (rounding-mode.h:52)
==1013==    by 0x48C0A58: __printf_fp_l (printf_fp.c:998)
==1013==    by 0x48DB92C: __printf_fp_spec (vfprintf-internal.c:354)
==1013==    by 0x48DB92C: __vfprintf_internal (vfprintf-internal.c:1558)
==1013==    by 0x4999C4A: __printf_chk (printf_chk.c:33)
==1013==    by 0x1093A8: main (main.c:58)
==1013==  Uninitialised value was created by a heap allocation
==1013==    at 0x4848899: malloc (in /usr/libexec/valgrind/vgpreload_memcheck-amd64-linux.so)
==1013==    by 0x10993D: aplicar_mh (mh.c:80)
==1013==    by 0x10933B: main (main.c:50)
==1013== 
==1013== Conditional jump or move depends on uninitialised value(s)
==1013==    at 0x48C0CCC: __printf_fp_l (printf_fp.c:1166)
==1013==    by 0x48DB92C: __printf_fp_spec (vfprintf-internal.c:354)
==1013==    by 0x48DB92C: __vfprintf_internal (vfprintf-internal.c:1558)
==1013==    by 0x4999C4A: __printf_chk (printf_chk.c:33)
==1013==    by 0x1093A8: main (main.c:58)
==1013==  Uninitialised value was created by a heap allocation
==1013==    at 0x4848899: malloc (in /usr/libexec/valgrind/vgpreload_memcheck-amd64-linux.so)
==1013==    by 0x10993D: aplicar_mh (mh.c:80)
==1013==    by 0x10933B: main (main.c:50)
==1013== 
==1013== Conditional jump or move depends on uninitialised value(s)
==1013==    at 0x48C0D4B: __printf_fp_l (printf_fp.c:1173)
==1013==    by 0x48DB92C: __printf_fp_spec (vfprintf-internal.c:354)
==1013==    by 0x48DB92C: __vfprintf_internal (vfprintf-internal.c:1558)
==1013==    by 0x4999C4A: __printf_chk (printf_chk.c:33)
==1013==    by 0x1093A8: main (main.c:58)
==1013==  Uninitialised value was created by a heap allocation
==1013==    at 0x4848899: malloc (in /usr/libexec/valgrind/vgpreload_memcheck-amd64-linux.so)
==1013==    by 0x10993D: aplicar_mh (mh.c:80)
==1013==    by 0x10933B: main (main.c:50)
==1013== 
==1013== Conditional jump or move depends on uninitialised value(s)
==1013==    at 0x48C0F15: __printf_fp_l (printf_fp.c:1228)
==1013==    by 0x48DB92C: __printf_fp_spec (vfprintf-internal.c:354)
==1013==    by 0x48DB92C: __vfprintf_internal (vfprintf-internal.c:1558)
==1013==    by 0x4999C4A: __printf_chk (printf_chk.c:33)
==1013==    by 0x1093A8: main (main.c:58)
==1013==  Uninitialised value was created by a heap allocation
==1013==    at 0x4848899: malloc (in /usr/libexec/valgrind/vgpreload_memcheck-amd64-linux.so)
==1013==    by 0x10993D: aplicar_mh (mh.c:80)
==1013==    by 0x10933B: main (main.c:50)
==1013== 
==1013== Conditional jump or move depends on uninitialised value(s)
==1013==    at 0x48C0EFB: __printf_fp_l (printf_fp.c:1230)
==1013==    by 0x48DB92C: __printf_fp_spec (vfprintf-internal.c:354)
==1013==    by 0x48DB92C: __vfprintf_internal (vfprintf-internal.c:1558)
==1013==    by 0x4999C4A: __printf_chk (printf_chk.c:33)
==1013==    by 0x1093A8: main (main.c:58)
==1013==  Uninitialised value was created by a heap allocation
==1013==    at 0x4848899: malloc (in /usr/libexec/valgrind/vgpreload_memcheck-amd64-linux.so)
==1013==    by 0x10993D: aplicar_mh (mh.c:80)
==1013==    by 0x10933B: main (main.c:50)
==1013== 
==1013== Conditional jump or move depends on uninitialised value(s)
==1013==    at 0x48F1E1D: _IO_file_overflow@@GLIBC_2.2.5 (fileops.c:782)
==1013==    by 0x48C1801: __printf_fp_l (printf_fp.c:1254)
==1013==    by 0x48DB92C: __printf_fp_spec (vfprintf-internal.c:354)
==1013==    by 0x48DB92C: __vfprintf_internal (vfprintf-internal.c:1558)
==1013==    by 0x4999C4A: __printf_chk (printf_chk.c:33)
==1013==    by 0x1093A8: main (main.c:58)
==1013==  Uninitialised value was created by a heap allocation
==1013==    at 0x4848899: malloc (in /usr/libexec/valgrind/vgpreload_memcheck-amd64-linux.so)
==1013==    by 0x10993D: aplicar_mh (mh.c:80)
==1013==    by 0x10933B: main (main.c:50)
==1013== 
==1013== Syscall param write(buf) points to uninitialised byte(s)
==1013==    at 0x4979887: write (write.c:26)
==1013==    by 0x48EFEEC: _IO_file_write@@GLIBC_2.2.5 (fileops.c:1180)
==1013==    by 0x48F19E0: new_do_write (fileops.c:448)
==1013==    by 0x48F19E0: _IO_new_do_write (fileops.c:425)
==1013==    by 0x48F19E0: _IO_do_write@@GLIBC_2.2.5 (fileops.c:422)
==1013==    by 0x48F06D4: _IO_new_file_xsputn (fileops.c:1243)
==1013==    by 0x48F06D4: _IO_file_xsputn@@GLIBC_2.2.5 (fileops.c:1196)
==1013==    by 0x48DAFC9: outstring_func (vfprintf-internal.c:239)
==1013==    by 0x48DAFC9: __vfprintf_internal (vfprintf-internal.c:1593)
==1013==    by 0x4999C4A: __printf_chk (printf_chk.c:33)
==1013==    by 0x1093A8: main (main.c:58)
==1013==  Address 0x4ca4b1d is 13 bytes inside a block of size 1,024 alloc'd
==1013==    at 0x4848899: malloc (in /usr/libexec/valgrind/vgpreload_memcheck-amd64-linux.so)
==1013==    by 0x48E3BA3: _IO_file_doallocate (filedoalloc.c:101)
==1013==    by 0x48F2CDF: _IO_doallocbuf (genops.c:347)
==1013==    by 0x48F1F5F: _IO_file_overflow@@GLIBC_2.2.5 (fileops.c:744)
==1013==    by 0x48F06D4: _IO_new_file_xsputn (fileops.c:1243)
==1013==    by 0x48F06D4: _IO_file_xsputn@@GLIBC_2.2.5 (fileops.c:1196)
==1013==    by 0x48DA14C: outstring_func (vfprintf-internal.c:239)
==1013==    by 0x48DA14C: __vfprintf_internal (vfprintf-internal.c:1263)
==1013==    by 0x4999C4A: __printf_chk (printf_chk.c:33)
==1013==    by 0x109390: printf (stdio2.h:112)
==1013==    by 0x109390: main (main.c:54)
==1013==  Uninitialised value was created by a heap allocation
==1013==    at 0x4848899: malloc (in /usr/libexec/valgrind/vgpreload_memcheck-amd64-linux.so)
==1013==    by 0x10993D: aplicar_mh (mh.c:80)
==1013==    by 0x10933B: main (main.c:50)
==1013== 
==1013== 
==1013== HEAP SUMMARY:
==1013==     in use at exit: 0 bytes in 0 blocks
==1013==   total heap usage: 206 allocs, 206 frees, 2,165,648 bytes allocated
==1013== 
==1013== All heap blocks were freed -- no leaks are possible
==1013== 
==1013== For lists of detected and suppressed errors, rerun with: -s
==1013== ERROR SUMMARY: 63534 errors from 32 contexts (suppressed: 0 from 0)
