==771== Memcheck, a memory error detector
==771== Copyright (C) 2002-2017, and GNU GPL'd, by Julian Seward et al.
==771== Using Valgrind-3.18.1 and LibVEX; rerun with -h for copyright info
==771== Command: ./sec 1000 400 200 100
==771== Parent PID: 415
==771== 
==771== Conditional jump or move depends on uninitialised value(s)
==771==    at 0x48A9411: msort_with_tmp.part.0 (msort.c:82)
==771==    by 0x48A93C1: msort_with_tmp (msort.c:44)
==771==    by 0x48A93C1: msort_with_tmp.part.0 (msort.c:53)
==771==    by 0x48A93A4: msort_with_tmp (msort.c:44)
==771==    by 0x48A93A4: msort_with_tmp.part.0 (msort.c:52)
==771==    by 0x48A93A4: msort_with_tmp (msort.c:44)
==771==    by 0x48A93A4: msort_with_tmp.part.0 (msort.c:52)
==771==    by 0x48A93A4: msort_with_tmp (msort.c:44)
==771==    by 0x48A93A4: msort_with_tmp.part.0 (msort.c:52)
==771==    by 0x48A93A4: msort_with_tmp (msort.c:44)
==771==    by 0x48A93A4: msort_with_tmp.part.0 (msort.c:52)
==771==    by 0x48A93A4: msort_with_tmp (msort.c:44)
==771==    by 0x48A93A4: msort_with_tmp.part.0 (msort.c:52)
==771==    by 0x48A9A55: msort_with_tmp (msort.c:44)
==771==    by 0x48A9A55: qsort_r (msort.c:296)
==771==    by 0x1099D6: aplicar_mh (mh.c:80)
==771==    by 0x10933B: main (main.c:48)
==771==  Uninitialised value was created by a heap allocation
==771==    at 0x4848899: malloc (in /usr/libexec/valgrind/vgpreload_memcheck-amd64-linux.so)
==771==    by 0x109927: aplicar_mh (mh.c:72)
==771==    by 0x10933B: main (main.c:48)
==771== 
==771== Conditional jump or move depends on uninitialised value(s)
==771==    at 0x48A9411: msort_with_tmp.part.0 (msort.c:82)
==771==    by 0x48A93A4: msort_with_tmp (msort.c:44)
==771==    by 0x48A93A4: msort_with_tmp.part.0 (msort.c:52)
==771==    by 0x48A93A4: msort_with_tmp (msort.c:44)
==771==    by 0x48A93A4: msort_with_tmp.part.0 (msort.c:52)
==771==    by 0x48A93A4: msort_with_tmp (msort.c:44)
==771==    by 0x48A93A4: msort_with_tmp.part.0 (msort.c:52)
==771==    by 0x48A93A4: msort_with_tmp (msort.c:44)
==771==    by 0x48A93A4: msort_with_tmp.part.0 (msort.c:52)
==771==    by 0x48A93A4: msort_with_tmp (msort.c:44)
==771==    by 0x48A93A4: msort_with_tmp.part.0 (msort.c:52)
==771==    by 0x48A9A55: msort_with_tmp (msort.c:44)
==771==    by 0x48A9A55: qsort_r (msort.c:296)
==771==    by 0x1099D6: aplicar_mh (mh.c:80)
==771==    by 0x10933B: main (main.c:48)
==771==  Uninitialised value was created by a heap allocation
==771==    at 0x4848899: malloc (in /usr/libexec/valgrind/vgpreload_memcheck-amd64-linux.so)
==771==    by 0x109927: aplicar_mh (mh.c:72)
==771==    by 0x10933B: main (main.c:48)
==771== 
==771== Conditional jump or move depends on uninitialised value(s)
==771==    at 0x48A9411: msort_with_tmp.part.0 (msort.c:82)
==771==    by 0x48A93C1: msort_with_tmp (msort.c:44)
==771==    by 0x48A93C1: msort_with_tmp.part.0 (msort.c:53)
==771==    by 0x48A93C1: msort_with_tmp (msort.c:44)
==771==    by 0x48A93C1: msort_with_tmp.part.0 (msort.c:53)
==771==    by 0x48A93A4: msort_with_tmp (msort.c:44)
==771==    by 0x48A93A4: msort_with_tmp.part.0 (msort.c:52)
==771==    by 0x48A93A4: msort_with_tmp (msort.c:44)
==771==    by 0x48A93A4: msort_with_tmp.part.0 (msort.c:52)
==771==    by 0x48A93A4: msort_with_tmp (msort.c:44)
==771==    by 0x48A93A4: msort_with_tmp.part.0 (msort.c:52)
==771==    by 0x48A93A4: msort_with_tmp (msort.c:44)
==771==    by 0x48A93A4: msort_with_tmp.part.0 (msort.c:52)
==771==    by 0x48A9A55: msort_with_tmp (msort.c:44)
==771==    by 0x48A9A55: qsort_r (msort.c:296)
==771==    by 0x1099D6: aplicar_mh (mh.c:80)
==771==    by 0x10933B: main (main.c:48)
==771==  Uninitialised value was created by a heap allocation
==771==    at 0x4848899: malloc (in /usr/libexec/valgrind/vgpreload_memcheck-amd64-linux.so)
==771==    by 0x109927: aplicar_mh (mh.c:72)
==771==    by 0x10933B: main (main.c:48)
==771== 
==771== Conditional jump or move depends on uninitialised value(s)
==771==    at 0x48A9411: msort_with_tmp.part.0 (msort.c:82)
==771==    by 0x48A93C1: msort_with_tmp (msort.c:44)
==771==    by 0x48A93C1: msort_with_tmp.part.0 (msort.c:53)
==771==    by 0x48A93A4: msort_with_tmp (msort.c:44)
==771==    by 0x48A93A4: msort_with_tmp.part.0 (msort.c:52)
==771==    by 0x48A93C1: msort_with_tmp (msort.c:44)
==771==    by 0x48A93C1: msort_with_tmp.part.0 (msort.c:53)
==771==    by 0x48A93A4: msort_with_tmp (msort.c:44)
==771==    by 0x48A93A4: msort_with_tmp.part.0 (msort.c:52)
==771==    by 0x48A93A4: msort_with_tmp (msort.c:44)
==771==    by 0x48A93A4: msort_with_tmp.part.0 (msort.c:52)
==771==    by 0x48A93A4: msort_with_tmp (msort.c:44)
==771==    by 0x48A93A4: msort_with_tmp.part.0 (msort.c:52)
==771==    by 0x48A9A55: msort_with_tmp (msort.c:44)
==771==    by 0x48A9A55: qsort_r (msort.c:296)
==771==    by 0x1099D6: aplicar_mh (mh.c:80)
==771==    by 0x10933B: main (main.c:48)
==771==  Uninitialised value was created by a heap allocation
==771==    at 0x4848899: malloc (in /usr/libexec/valgrind/vgpreload_memcheck-amd64-linux.so)
==771==    by 0x109927: aplicar_mh (mh.c:72)
==771==    by 0x10933B: main (main.c:48)
==771== 
==771== Conditional jump or move depends on uninitialised value(s)
==771==    at 0x48A9411: msort_with_tmp.part.0 (msort.c:82)
==771==    by 0x48A93A4: msort_with_tmp (msort.c:44)
==771==    by 0x48A93A4: msort_with_tmp.part.0 (msort.c:52)
==771==    by 0x48A93C1: msort_with_tmp (msort.c:44)
==771==    by 0x48A93C1: msort_with_tmp.part.0 (msort.c:53)
==771==    by 0x48A93A4: msort_with_tmp (msort.c:44)
==771==    by 0x48A93A4: msort_with_tmp.part.0 (msort.c:52)
==771==    by 0x48A93A4: msort_with_tmp (msort.c:44)
==771==    by 0x48A93A4: msort_with_tmp.part.0 (msort.c:52)
==771==    by 0x48A93A4: msort_with_tmp (msort.c:44)
==771==    by 0x48A93A4: msort_with_tmp.part.0 (msort.c:52)
==771==    by 0x48A9A55: msort_with_tmp (msort.c:44)
==771==    by 0x48A9A55: qsort_r (msort.c:296)
==771==    by 0x1099D6: aplicar_mh (mh.c:80)
==771==    by 0x10933B: main (main.c:48)
==771==  Uninitialised value was created by a heap allocation
==771==    at 0x4848899: malloc (in /usr/libexec/valgrind/vgpreload_memcheck-amd64-linux.so)
==771==    by 0x109927: aplicar_mh (mh.c:72)
==771==    by 0x10933B: main (main.c:48)
==771== 
==771== Conditional jump or move depends on uninitialised value(s)
==771==    at 0x48A9411: msort_with_tmp.part.0 (msort.c:82)
==771==    by 0x48A93C1: msort_with_tmp (msort.c:44)
==771==    by 0x48A93C1: msort_with_tmp.part.0 (msort.c:53)
==771==    by 0x48A93C1: msort_with_tmp (msort.c:44)
==771==    by 0x48A93C1: msort_with_tmp.part.0 (msort.c:53)
==771==    by 0x48A93C1: msort_with_tmp (msort.c:44)
==771==    by 0x48A93C1: msort_with_tmp.part.0 (msort.c:53)
==771==    by 0x48A93A4: msort_with_tmp (msort.c:44)
==771==    by 0x48A93A4: msort_with_tmp.part.0 (msort.c:52)
==771==    by 0x48A93A4: msort_with_tmp (msort.c:44)
==771==    by 0x48A93A4: msort_with_tmp.part.0 (msort.c:52)
==771==    by 0x48A93A4: msort_with_tmp (msort.c:44)
==771==    by 0x48A93A4: msort_with_tmp.part.0 (msort.c:52)
==771==    by 0x48A9A55: msort_with_tmp (msort.c:44)
==771==    by 0x48A9A55: qsort_r (msort.c:296)
==771==    by 0x1099D6: aplicar_mh (mh.c:80)
==771==    by 0x10933B: main (main.c:48)
==771==  Uninitialised value was created by a heap allocation
==771==    at 0x4848899: malloc (in /usr/libexec/valgrind/vgpreload_memcheck-amd64-linux.so)
==771==    by 0x109927: aplicar_mh (mh.c:72)
==771==    by 0x10933B: main (main.c:48)
==771== 
==771== Conditional jump or move depends on uninitialised value(s)
==771==    at 0x48A9411: msort_with_tmp.part.0 (msort.c:82)
==771==    by 0x48A93A4: msort_with_tmp (msort.c:44)
==771==    by 0x48A93A4: msort_with_tmp.part.0 (msort.c:52)
==771==    by 0x48A93A4: msort_with_tmp (msort.c:44)
==771==    by 0x48A93A4: msort_with_tmp.part.0 (msort.c:52)
==771==    by 0x48A93C1: msort_with_tmp (msort.c:44)
==771==    by 0x48A93C1: msort_with_tmp.part.0 (msort.c:53)
==771==    by 0x48A93A4: msort_with_tmp (msort.c:44)
==771==    by 0x48A93A4: msort_with_tmp.part.0 (msort.c:52)
==771==    by 0x48A93A4: msort_with_tmp (msort.c:44)
==771==    by 0x48A93A4: msort_with_tmp.part.0 (msort.c:52)
==771==    by 0x48A9A55: msort_with_tmp (msort.c:44)
==771==    by 0x48A9A55: qsort_r (msort.c:296)
==771==    by 0x1099D6: aplicar_mh (mh.c:80)
==771==    by 0x10933B: main (main.c:48)
==771==  Uninitialised value was created by a heap allocation
==771==    at 0x4848899: malloc (in /usr/libexec/valgrind/vgpreload_memcheck-amd64-linux.so)
==771==    by 0x109927: aplicar_mh (mh.c:72)
==771==    by 0x10933B: main (main.c:48)
==771== 
==771== Conditional jump or move depends on uninitialised value(s)
==771==    at 0x48A9411: msort_with_tmp.part.0 (msort.c:82)
==771==    by 0x48A93A4: msort_with_tmp (msort.c:44)
==771==    by 0x48A93A4: msort_with_tmp.part.0 (msort.c:52)
==771==    by 0x48A93C1: msort_with_tmp (msort.c:44)
==771==    by 0x48A93C1: msort_with_tmp.part.0 (msort.c:53)
==771==    by 0x48A93C1: msort_with_tmp (msort.c:44)
==771==    by 0x48A93C1: msort_with_tmp.part.0 (msort.c:53)
==771==    by 0x48A93A4: msort_with_tmp (msort.c:44)
==771==    by 0x48A93A4: msort_with_tmp.part.0 (msort.c:52)
==771==    by 0x48A93A4: msort_with_tmp (msort.c:44)
==771==    by 0x48A93A4: msort_with_tmp.part.0 (msort.c:52)
==771==    by 0x48A9A55: msort_with_tmp (msort.c:44)
==771==    by 0x48A9A55: qsort_r (msort.c:296)
==771==    by 0x1099D6: aplicar_mh (mh.c:80)
==771==    by 0x10933B: main (main.c:48)
==771==  Uninitialised value was created by a heap allocation
==771==    at 0x4848899: malloc (in /usr/libexec/valgrind/vgpreload_memcheck-amd64-linux.so)
==771==    by 0x109927: aplicar_mh (mh.c:72)
==771==    by 0x10933B: main (main.c:48)
==771== 
==771== Conditional jump or move depends on uninitialised value(s)
==771==    at 0x48A9411: msort_with_tmp.part.0 (msort.c:82)
==771==    by 0x48A93A4: msort_with_tmp (msort.c:44)
==771==    by 0x48A93A4: msort_with_tmp.part.0 (msort.c:52)
==771==    by 0x48A93A4: msort_with_tmp (msort.c:44)
==771==    by 0x48A93A4: msort_with_tmp.part.0 (msort.c:52)
==771==    by 0x48A9A55: msort_with_tmp (msort.c:44)
==771==    by 0x48A9A55: qsort_r (msort.c:296)
==771==    by 0x1099D6: aplicar_mh (mh.c:80)
==771==    by 0x10933B: main (main.c:48)
==771==  Uninitialised value was created by a heap allocation
==771==    at 0x4848899: malloc (in /usr/libexec/valgrind/vgpreload_memcheck-amd64-linux.so)
==771==    by 0x109927: aplicar_mh (mh.c:72)
==771==    by 0x10933B: main (main.c:48)
==771== 
==771== Conditional jump or move depends on uninitialised value(s)
==771==    at 0x48A9411: msort_with_tmp.part.0 (msort.c:82)
==771==    by 0x48A93C1: msort_with_tmp (msort.c:44)
==771==    by 0x48A93C1: msort_with_tmp.part.0 (msort.c:53)
==771==    by 0x48A93A4: msort_with_tmp (msort.c:44)
==771==    by 0x48A93A4: msort_with_tmp.part.0 (msort.c:52)
==771==    by 0x48A9A55: msort_with_tmp (msort.c:44)
==771==    by 0x48A9A55: qsort_r (msort.c:296)
==771==    by 0x1099D6: aplicar_mh (mh.c:80)
==771==    by 0x10933B: main (main.c:48)
==771==  Uninitialised value was created by a heap allocation
==771==    at 0x4848899: malloc (in /usr/libexec/valgrind/vgpreload_memcheck-amd64-linux.so)
==771==    by 0x109927: aplicar_mh (mh.c:72)
==771==    by 0x10933B: main (main.c:48)
==771== 
==771== Conditional jump or move depends on uninitialised value(s)
==771==    at 0x48A9411: msort_with_tmp.part.0 (msort.c:82)
==771==    by 0x48A93A4: msort_with_tmp (msort.c:44)
==771==    by 0x48A93A4: msort_with_tmp.part.0 (msort.c:52)
==771==    by 0x48A9A55: msort_with_tmp (msort.c:44)
==771==    by 0x48A9A55: qsort_r (msort.c:296)
==771==    by 0x1099D6: aplicar_mh (mh.c:80)
==771==    by 0x10933B: main (main.c:48)
==771==  Uninitialised value was created by a heap allocation
==771==    at 0x4848899: malloc (in /usr/libexec/valgrind/vgpreload_memcheck-amd64-linux.so)
==771==    by 0x109927: aplicar_mh (mh.c:72)
==771==    by 0x10933B: main (main.c:48)
==771== 
==771== Conditional jump or move depends on uninitialised value(s)
==771==    at 0x48A9411: msort_with_tmp.part.0 (msort.c:82)
==771==    by 0x48A93A4: msort_with_tmp (msort.c:44)
==771==    by 0x48A93A4: msort_with_tmp.part.0 (msort.c:52)
==771==    by 0x48A93C1: msort_with_tmp (msort.c:44)
==771==    by 0x48A93C1: msort_with_tmp.part.0 (msort.c:53)
==771==    by 0x48A9A55: msort_with_tmp (msort.c:44)
==771==    by 0x48A9A55: qsort_r (msort.c:296)
==771==    by 0x1099D6: aplicar_mh (mh.c:80)
==771==    by 0x10933B: main (main.c:48)
==771==  Uninitialised value was created by a heap allocation
==771==    at 0x4848899: malloc (in /usr/libexec/valgrind/vgpreload_memcheck-amd64-linux.so)
==771==    by 0x109927: aplicar_mh (mh.c:72)
==771==    by 0x10933B: main (main.c:48)
==771== 
==771== Conditional jump or move depends on uninitialised value(s)
==771==    at 0x48A9411: msort_with_tmp.part.0 (msort.c:82)
==771==    by 0x48A93C1: msort_with_tmp (msort.c:44)
==771==    by 0x48A93C1: msort_with_tmp.part.0 (msort.c:53)
==771==    by 0x48A93C1: msort_with_tmp (msort.c:44)
==771==    by 0x48A93C1: msort_with_tmp.part.0 (msort.c:53)
==771==    by 0x48A9A55: msort_with_tmp (msort.c:44)
==771==    by 0x48A9A55: qsort_r (msort.c:296)
==771==    by 0x1099D6: aplicar_mh (mh.c:80)
==771==    by 0x10933B: main (main.c:48)
==771==  Uninitialised value was created by a heap allocation
==771==    at 0x4848899: malloc (in /usr/libexec/valgrind/vgpreload_memcheck-amd64-linux.so)
==771==    by 0x109927: aplicar_mh (mh.c:72)
==771==    by 0x10933B: main (main.c:48)
==771== 
==771== Conditional jump or move depends on uninitialised value(s)
==771==    at 0x48A9411: msort_with_tmp.part.0 (msort.c:82)
==771==    by 0x48A93C1: msort_with_tmp (msort.c:44)
==771==    by 0x48A93C1: msort_with_tmp.part.0 (msort.c:53)
==771==    by 0x48A9A55: msort_with_tmp (msort.c:44)
==771==    by 0x48A9A55: qsort_r (msort.c:296)
==771==    by 0x1099D6: aplicar_mh (mh.c:80)
==771==    by 0x10933B: main (main.c:48)
==771==  Uninitialised value was created by a heap allocation
==771==    at 0x4848899: malloc (in /usr/libexec/valgrind/vgpreload_memcheck-amd64-linux.so)
==771==    by 0x109927: aplicar_mh (mh.c:72)
==771==    by 0x10933B: main (main.c:48)
==771== 
==771== Conditional jump or move depends on uninitialised value(s)
==771==    at 0x48A9411: msort_with_tmp.part.0 (msort.c:82)
==771==    by 0x48A9A55: msort_with_tmp (msort.c:44)
==771==    by 0x48A9A55: qsort_r (msort.c:296)
==771==    by 0x1099D6: aplicar_mh (mh.c:80)
==771==    by 0x10933B: main (main.c:48)
==771==  Uninitialised value was created by a heap allocation
==771==    at 0x4848899: malloc (in /usr/libexec/valgrind/vgpreload_memcheck-amd64-linux.so)
==771==    by 0x109927: aplicar_mh (mh.c:72)
==771==    by 0x10933B: main (main.c:48)
==771== 
==771== Conditional jump or move depends on uninitialised value(s)
==771==    at 0x48A9411: msort_with_tmp.part.0 (msort.c:82)
==771==    by 0x48A93A4: msort_with_tmp (msort.c:44)
==771==    by 0x48A93A4: msort_with_tmp.part.0 (msort.c:52)
==771==    by 0x48A9A55: msort_with_tmp (msort.c:44)
==771==    by 0x48A9A55: qsort_r (msort.c:296)
==771==    by 0x109A00: aplicar_mh (mh.c:104)
==771==    by 0x10933B: main (main.c:48)
==771==  Uninitialised value was created by a heap allocation
==771==    at 0x4848899: malloc (in /usr/libexec/valgrind/vgpreload_memcheck-amd64-linux.so)
==771==    by 0x109927: aplicar_mh (mh.c:72)
==771==    by 0x10933B: main (main.c:48)
==771== 
==771== Conditional jump or move depends on uninitialised value(s)
==771==    at 0x48A9411: msort_with_tmp.part.0 (msort.c:82)
==771==    by 0x48A93C1: msort_with_tmp (msort.c:44)
==771==    by 0x48A93C1: msort_with_tmp.part.0 (msort.c:53)
==771==    by 0x48A9A55: msort_with_tmp (msort.c:44)
==771==    by 0x48A9A55: qsort_r (msort.c:296)
==771==    by 0x109A00: aplicar_mh (mh.c:104)
==771==    by 0x10933B: main (main.c:48)
==771==  Uninitialised value was created by a heap allocation
==771==    at 0x4848899: malloc (in /usr/libexec/valgrind/vgpreload_memcheck-amd64-linux.so)
==771==    by 0x109927: aplicar_mh (mh.c:72)
==771==    by 0x10933B: main (main.c:48)
==771== 
==771== Conditional jump or move depends on uninitialised value(s)
==771==    at 0x48A9411: msort_with_tmp.part.0 (msort.c:82)
==771==    by 0x48A9A55: msort_with_tmp (msort.c:44)
==771==    by 0x48A9A55: qsort_r (msort.c:296)
==771==    by 0x109A00: aplicar_mh (mh.c:104)
==771==    by 0x10933B: main (main.c:48)
==771==  Uninitialised value was created by a heap allocation
==771==    at 0x4848899: malloc (in /usr/libexec/valgrind/vgpreload_memcheck-amd64-linux.so)
==771==    by 0x109927: aplicar_mh (mh.c:72)
==771==    by 0x10933B: main (main.c:48)
==771== 
==771== Invalid read of size 4
==771==    at 0x109720: printf (stdio2.h:112)
==771==    by 0x109720: print_solution (io.c:46)
==771==    by 0x1093B0: main (main.c:59)
==771==  Address 0x4c79170 is 0 bytes inside a block of size 1,600 free'd
==771==    at 0x484B27F: free (in /usr/libexec/valgrind/vgpreload_memcheck-amd64-linux.so)
==771==    by 0x109398: main (main.c:56)
==771==  Block was alloc'd at
==771==    at 0x4848899: malloc (in /usr/libexec/valgrind/vgpreload_memcheck-amd64-linux.so)
==771==    by 0x1092E6: main (main.c:41)
==771== 
==771== Conditional jump or move depends on uninitialised value(s)
==771==    at 0x48BFCB8: __printf_fp_l (printf_fp.c:396)
==771==    by 0x48DB92C: __printf_fp_spec (vfprintf-internal.c:354)
==771==    by 0x48DB92C: __vfprintf_internal (vfprintf-internal.c:1558)
==771==    by 0x4999C4A: __printf_chk (printf_chk.c:33)
==771==    by 0x1093B0: main (main.c:59)
==771==  Uninitialised value was created by a heap allocation
==771==    at 0x4848899: malloc (in /usr/libexec/valgrind/vgpreload_memcheck-amd64-linux.so)
==771==    by 0x109927: aplicar_mh (mh.c:72)
==771==    by 0x10933B: main (main.c:48)
==771== 
==771== Conditional jump or move depends on uninitialised value(s)
==771==    at 0x48BFCD2: __printf_fp_l (printf_fp.c:396)
==771==    by 0x48DB92C: __printf_fp_spec (vfprintf-internal.c:354)
==771==    by 0x48DB92C: __vfprintf_internal (vfprintf-internal.c:1558)
==771==    by 0x4999C4A: __printf_chk (printf_chk.c:33)
==771==    by 0x1093B0: main (main.c:59)
==771==  Uninitialised value was created by a heap allocation
==771==    at 0x4848899: malloc (in /usr/libexec/valgrind/vgpreload_memcheck-amd64-linux.so)
==771==    by 0x109927: aplicar_mh (mh.c:72)
==771==    by 0x10933B: main (main.c:48)
==771== 
==771== Conditional jump or move depends on uninitialised value(s)
==771==    at 0x48BB50A: __mpn_extract_double (dbl2mpn.c:56)
==771==    by 0x48BFFCE: __printf_fp_l (printf_fp.c:396)
==771==    by 0x48DB92C: __printf_fp_spec (vfprintf-internal.c:354)
==771==    by 0x48DB92C: __vfprintf_internal (vfprintf-internal.c:1558)
==771==    by 0x4999C4A: __printf_chk (printf_chk.c:33)
==771==    by 0x1093B0: main (main.c:59)
==771==  Uninitialised value was created by a heap allocation
==771==    at 0x4848899: malloc (in /usr/libexec/valgrind/vgpreload_memcheck-amd64-linux.so)
==771==    by 0x109927: aplicar_mh (mh.c:72)
==771==    by 0x10933B: main (main.c:48)
==771== 
==771== Conditional jump or move depends on uninitialised value(s)
==771==    at 0x48BB50F: __mpn_extract_double (dbl2mpn.c:60)
==771==    by 0x48BFFCE: __printf_fp_l (printf_fp.c:396)
==771==    by 0x48DB92C: __printf_fp_spec (vfprintf-internal.c:354)
==771==    by 0x48DB92C: __vfprintf_internal (vfprintf-internal.c:1558)
==771==    by 0x4999C4A: __printf_chk (printf_chk.c:33)
==771==    by 0x1093B0: main (main.c:59)
==771==  Uninitialised value was created by a heap allocation
==771==    at 0x4848899: malloc (in /usr/libexec/valgrind/vgpreload_memcheck-amd64-linux.so)
==771==    by 0x109927: aplicar_mh (mh.c:72)
==771==    by 0x10933B: main (main.c:48)
==771== 
==771== Conditional jump or move depends on uninitialised value(s)
==771==    at 0x48C09B0: __printf_fp_l (printf_fp.c:978)
==771==    by 0x48DB92C: __printf_fp_spec (vfprintf-internal.c:354)
==771==    by 0x48DB92C: __vfprintf_internal (vfprintf-internal.c:1558)
==771==    by 0x4999C4A: __printf_chk (printf_chk.c:33)
==771==    by 0x1093B0: main (main.c:59)
==771==  Uninitialised value was created by a heap allocation
==771==    at 0x4848899: malloc (in /usr/libexec/valgrind/vgpreload_memcheck-amd64-linux.so)
==771==    by 0x109927: aplicar_mh (mh.c:72)
==771==    by 0x10933B: main (main.c:48)
==771== 
==771== Conditional jump or move depends on uninitialised value(s)
==771==    at 0x48C09EA: __printf_fp_l (printf_fp.c:981)
==771==    by 0x48DB92C: __printf_fp_spec (vfprintf-internal.c:354)
==771==    by 0x48DB92C: __vfprintf_internal (vfprintf-internal.c:1558)
==771==    by 0x4999C4A: __printf_chk (printf_chk.c:33)
==771==    by 0x1093B0: main (main.c:59)
==771==  Uninitialised value was created by a heap allocation
==771==    at 0x4848899: malloc (in /usr/libexec/valgrind/vgpreload_memcheck-amd64-linux.so)
==771==    by 0x109927: aplicar_mh (mh.c:72)
==771==    by 0x10933B: main (main.c:48)
==771== 
==771== Conditional jump or move depends on uninitialised value(s)
==771==    at 0x48C0A24: __printf_fp_l (printf_fp.c:991)
==771==    by 0x48DB92C: __printf_fp_spec (vfprintf-internal.c:354)
==771==    by 0x48DB92C: __vfprintf_internal (vfprintf-internal.c:1558)
==771==    by 0x4999C4A: __printf_chk (printf_chk.c:33)
==771==    by 0x1093B0: main (main.c:59)
==771==  Uninitialised value was created by a heap allocation
==771==    at 0x4848899: malloc (in /usr/libexec/valgrind/vgpreload_memcheck-amd64-linux.so)
==771==    by 0x109927: aplicar_mh (mh.c:72)
==771==    by 0x10933B: main (main.c:48)
==771== 
==771== Conditional jump or move depends on uninitialised value(s)
==771==    at 0x48C0A58: round_away (rounding-mode.h:52)
==771==    by 0x48C0A58: __printf_fp_l (printf_fp.c:998)
==771==    by 0x48DB92C: __printf_fp_spec (vfprintf-internal.c:354)
==771==    by 0x48DB92C: __vfprintf_internal (vfprintf-internal.c:1558)
==771==    by 0x4999C4A: __printf_chk (printf_chk.c:33)
==771==    by 0x1093B0: main (main.c:59)
==771==  Uninitialised value was created by a heap allocation
==771==    at 0x4848899: malloc (in /usr/libexec/valgrind/vgpreload_memcheck-amd64-linux.so)
==771==    by 0x109927: aplicar_mh (mh.c:72)
==771==    by 0x10933B: main (main.c:48)
==771== 
==771== Conditional jump or move depends on uninitialised value(s)
==771==    at 0x48C0CCC: __printf_fp_l (printf_fp.c:1166)
==771==    by 0x48DB92C: __printf_fp_spec (vfprintf-internal.c:354)
==771==    by 0x48DB92C: __vfprintf_internal (vfprintf-internal.c:1558)
==771==    by 0x4999C4A: __printf_chk (printf_chk.c:33)
==771==    by 0x1093B0: main (main.c:59)
==771==  Uninitialised value was created by a heap allocation
==771==    at 0x4848899: malloc (in /usr/libexec/valgrind/vgpreload_memcheck-amd64-linux.so)
==771==    by 0x109927: aplicar_mh (mh.c:72)
==771==    by 0x10933B: main (main.c:48)
==771== 
==771== Conditional jump or move depends on uninitialised value(s)
==771==    at 0x48C0D4B: __printf_fp_l (printf_fp.c:1173)
==771==    by 0x48DB92C: __printf_fp_spec (vfprintf-internal.c:354)
==771==    by 0x48DB92C: __vfprintf_internal (vfprintf-internal.c:1558)
==771==    by 0x4999C4A: __printf_chk (printf_chk.c:33)
==771==    by 0x1093B0: main (main.c:59)
==771==  Uninitialised value was created by a heap allocation
==771==    at 0x4848899: malloc (in /usr/libexec/valgrind/vgpreload_memcheck-amd64-linux.so)
==771==    by 0x109927: aplicar_mh (mh.c:72)
==771==    by 0x10933B: main (main.c:48)
==771== 
==771== Conditional jump or move depends on uninitialised value(s)
==771==    at 0x48C0F15: __printf_fp_l (printf_fp.c:1228)
==771==    by 0x48DB92C: __printf_fp_spec (vfprintf-internal.c:354)
==771==    by 0x48DB92C: __vfprintf_internal (vfprintf-internal.c:1558)
==771==    by 0x4999C4A: __printf_chk (printf_chk.c:33)
==771==    by 0x1093B0: main (main.c:59)
==771==  Uninitialised value was created by a heap allocation
==771==    at 0x4848899: malloc (in /usr/libexec/valgrind/vgpreload_memcheck-amd64-linux.so)
==771==    by 0x109927: aplicar_mh (mh.c:72)
==771==    by 0x10933B: main (main.c:48)
==771== 
==771== Conditional jump or move depends on uninitialised value(s)
==771==    at 0x48C0EFB: __printf_fp_l (printf_fp.c:1230)
==771==    by 0x48DB92C: __printf_fp_spec (vfprintf-internal.c:354)
==771==    by 0x48DB92C: __vfprintf_internal (vfprintf-internal.c:1558)
==771==    by 0x4999C4A: __printf_chk (printf_chk.c:33)
==771==    by 0x1093B0: main (main.c:59)
==771==  Uninitialised value was created by a heap allocation
==771==    at 0x4848899: malloc (in /usr/libexec/valgrind/vgpreload_memcheck-amd64-linux.so)
==771==    by 0x109927: aplicar_mh (mh.c:72)
==771==    by 0x10933B: main (main.c:48)
==771== 
==771== Conditional jump or move depends on uninitialised value(s)
==771==    at 0x48F1E1D: _IO_file_overflow@@GLIBC_2.2.5 (fileops.c:782)
==771==    by 0x48C1801: __printf_fp_l (printf_fp.c:1254)
==771==    by 0x48DB92C: __printf_fp_spec (vfprintf-internal.c:354)
==771==    by 0x48DB92C: __vfprintf_internal (vfprintf-internal.c:1558)
==771==    by 0x4999C4A: __printf_chk (printf_chk.c:33)
==771==    by 0x1093B0: main (main.c:59)
==771==  Uninitialised value was created by a heap allocation
==771==    at 0x4848899: malloc (in /usr/libexec/valgrind/vgpreload_memcheck-amd64-linux.so)
==771==    by 0x109927: aplicar_mh (mh.c:72)
==771==    by 0x10933B: main (main.c:48)
==771== 
==771== Syscall param write(buf) points to uninitialised byte(s)
==771==    at 0x4979887: write (write.c:26)
==771==    by 0x48EFEEC: _IO_file_write@@GLIBC_2.2.5 (fileops.c:1180)
==771==    by 0x48F19E0: new_do_write (fileops.c:448)
==771==    by 0x48F19E0: _IO_new_do_write (fileops.c:425)
==771==    by 0x48F19E0: _IO_do_write@@GLIBC_2.2.5 (fileops.c:422)
==771==    by 0x48F06D4: _IO_new_file_xsputn (fileops.c:1243)
==771==    by 0x48F06D4: _IO_file_xsputn@@GLIBC_2.2.5 (fileops.c:1196)
==771==    by 0x48DAFC9: outstring_func (vfprintf-internal.c:239)
==771==    by 0x48DAFC9: __vfprintf_internal (vfprintf-internal.c:1593)
==771==    by 0x4999C4A: __printf_chk (printf_chk.c:33)
==771==    by 0x1093B0: main (main.c:59)
==771==  Address 0x4ca4b1d is 13 bytes inside a block of size 1,024 alloc'd
==771==    at 0x4848899: malloc (in /usr/libexec/valgrind/vgpreload_memcheck-amd64-linux.so)
==771==    by 0x48E3BA3: _IO_file_doallocate (filedoalloc.c:101)
==771==    by 0x48F2CDF: _IO_doallocbuf (genops.c:347)
==771==    by 0x48F1F5F: _IO_file_overflow@@GLIBC_2.2.5 (fileops.c:744)
==771==    by 0x48F06D4: _IO_new_file_xsputn (fileops.c:1243)
==771==    by 0x48F06D4: _IO_file_xsputn@@GLIBC_2.2.5 (fileops.c:1196)
==771==    by 0x48DA14C: outstring_func (vfprintf-internal.c:239)
==771==    by 0x48DA14C: __vfprintf_internal (vfprintf-internal.c:1263)
==771==    by 0x4999C4A: __printf_chk (printf_chk.c:33)
==771==    by 0x109390: printf (stdio2.h:112)
==771==    by 0x109390: main (main.c:52)
==771==  Uninitialised value was created by a heap allocation
==771==    at 0x4848899: malloc (in /usr/libexec/valgrind/vgpreload_memcheck-amd64-linux.so)
==771==    by 0x109927: aplicar_mh (mh.c:72)
==771==    by 0x10933B: main (main.c:48)
==771== 
==771== 
==771== HEAP SUMMARY:
==771==     in use at exit: 2,159,600 bytes in 201 blocks
==771==   total heap usage: 206 allocs, 5 frees, 2,165,648 bytes allocated
==771== 
==771== 161,600 (1,600 direct, 160,000 indirect) bytes in 100 blocks are definitely lost in loss record 2 of 3
==771==    at 0x4848899: malloc (in /usr/libexec/valgrind/vgpreload_memcheck-amd64-linux.so)
==771==    by 0x109927: aplicar_mh (mh.c:72)
==771==    by 0x10933B: main (main.c:48)
==771== 
==771== 1,998,000 bytes in 1 blocks are definitely lost in loss record 3 of 3
==771==    at 0x4848899: malloc (in /usr/libexec/valgrind/vgpreload_memcheck-amd64-linux.so)
==771==    by 0x109561: read_distances (io.c:14)
==771==    by 0x1092D7: main (main.c:34)
==771== 
==771== LEAK SUMMARY:
==771==    definitely lost: 1,999,600 bytes in 101 blocks
==771==    indirectly lost: 160,000 bytes in 100 blocks
==771==      possibly lost: 0 bytes in 0 blocks
==771==    still reachable: 0 bytes in 0 blocks
==771==         suppressed: 0 bytes in 0 blocks
==771== 
==771== For lists of detected and suppressed errors, rerun with: -s
==771== ERROR SUMMARY: 63937 errors from 35 contexts (suppressed: 0 from 0)
